<?xml version="1.0" encoding="UTF-8"?>
<!-- Generated by org.testng.reporters.JUnitReportReporter -->
<testsuite hostname="LAPTOP-BIM2FR3V" failures="0" tests="1" name="scenarios.DynDataHandling" time="7.507" errors="0" timestamp="2025-03-10T05:39:46 IST" skipped="0">
  <testcase classname="scenarios.DynDataHandling" name="getDynData" time="7.507"/>
</testsuite> <!-- scenarios.DynDataHandling -->
